<?xml version="1.0" encoding="UTF-8"?>
<!-- Generated by org.testng.reporters.JUnitReportReporter -->
<testsuite skipped="0" hostname="VMQApractice2" name="com.cl.borrower_web.runners.WebTestRunner" tests="7" failures="0" timestamp="17 Apr 2020 13:19:24 GMT" time="284.049" errors="0">
  <testcase name="runScenario" time="35.251" classname="com.cl.borrower_web.runners.WebTestRunner"/>
  <testcase name="runScenario" time="36.389" classname="com.cl.borrower_web.runners.WebTestRunner"/>
  <testcase name="runScenario" time="45.989" classname="com.cl.borrower_web.runners.WebTestRunner"/>
  <testcase name="runScenario" time="69.518" classname="com.cl.borrower_web.runners.WebTestRunner"/>
  <testcase name="runScenario" time="28.684" classname="com.cl.borrower_web.runners.WebTestRunner"/>
  <testcase name="runScenario" time="33.880" classname="com.cl.borrower_web.runners.WebTestRunner"/>
  <testcase name="runScenario" time="34.338" classname="com.cl.borrower_web.runners.WebTestRunner"/>
</testsuite> <!-- com.cl.borrower_web.runners.WebTestRunner -->
