<?xml version="1.0" encoding="UTF-8"?>
<!-- Generated by org.testng.reporters.JUnitReportReporter -->
<testsuite skipped="0" hostname="VMQApractice2" name="com.cl.borrower_web.runners.WebTestRunner" tests="7" failures="0" timestamp="14 Apr 2020 15:16:35 GMT" time="366.509" errors="0">
  <testcase name="runScenario" time="40.908" classname="com.cl.borrower_web.runners.WebTestRunner"/>
  <testcase name="runScenario" time="45.477" classname="com.cl.borrower_web.runners.WebTestRunner"/>
  <testcase name="runScenario" time="82.795" classname="com.cl.borrower_web.runners.WebTestRunner"/>
  <testcase name="runScenario" time="44.329" classname="com.cl.borrower_web.runners.WebTestRunner"/>
  <testcase name="runScenario" time="45.932" classname="com.cl.borrower_web.runners.WebTestRunner"/>
  <testcase name="runScenario" time="48.100" classname="com.cl.borrower_web.runners.WebTestRunner"/>
  <testcase name="runScenario" time="58.968" classname="com.cl.borrower_web.runners.WebTestRunner"/>
</testsuite> <!-- com.cl.borrower_web.runners.WebTestRunner -->
